{"contracts/Raffle.sol":{"l":{"63":3,"64":3,"65":3,"66":3,"67":3,"68":3,"69":3,"70":3,"74":5,"75":1,"77":4,"78":1,"80":3,"81":3,"103":1,"104":1,"105":1,"106":1,"107":1,"113":1,"114":1,"115":0,"122":1,"123":1,"130":1,"137":0,"138":0,"139":0,"140":0,"141":0,"142":0,"143":0,"144":0,"145":0,"147":0,"153":5,"157":1,"161":0,"165":1,"169":0,"173":0,"177":0,"181":0,"185":5},"path":"/Users/aridaitech/Documents/projects/smart-contract-lottery/hardhat-lottery/contracts/Raffle.sol","s":{"1":3,"2":3,"3":3,"4":3,"5":3,"6":3,"7":3,"8":3,"9":5,"10":4,"11":3,"12":3,"13":1,"14":1,"15":1,"16":1,"17":1,"18":1,"19":1,"20":1,"21":1,"22":1,"23":0,"24":0,"25":0,"26":0,"27":0,"28":0,"29":0,"30":0,"31":0,"32":5,"33":1,"34":0,"35":1,"36":0,"37":0,"38":0,"39":0,"40":5},"b":{"1":[1,4],"2":[1,3],"3":[0,1],"4":[0,0]},"f":{"1":3,"2":5,"3":1,"4":1,"5":0,"6":5,"7":1,"8":0,"9":1,"10":0,"11":0,"12":0,"13":0,"14":5},"fnMap":{"1":{"name":"constructor","line":62,"loc":{"start":{"line":55,"column":4},"end":{"line":71,"column":4}}},"2":{"name":"enterRaffle","line":73,"loc":{"start":{"line":73,"column":4},"end":{"line":82,"column":4}}},"3":{"name":"checkUpkeep","line":93,"loc":{"start":{"line":93,"column":4},"end":{"line":108,"column":4}}},"4":{"name":"performUpkeep","line":110,"loc":{"start":{"line":110,"column":4},"end":{"line":131,"column":4}}},"5":{"name":"fulfillRandomWords","line":133,"loc":{"start":{"line":133,"column":4},"end":{"line":148,"column":4}}},"6":{"name":"getEntranceFee","line":152,"loc":{"start":{"line":152,"column":4},"end":{"line":154,"column":4}}},"7":{"name":"getPlayer","line":156,"loc":{"start":{"line":156,"column":4},"end":{"line":158,"column":4}}},"8":{"name":"getRecentWinner","line":160,"loc":{"start":{"line":160,"column":4},"end":{"line":162,"column":4}}},"9":{"name":"getRaffleState","line":164,"loc":{"start":{"line":164,"column":4},"end":{"line":166,"column":4}}},"10":{"name":"getNumWords","line":168,"loc":{"start":{"line":168,"column":4},"end":{"line":170,"column":4}}},"11":{"name":"getNumberOfPlayers","line":172,"loc":{"start":{"line":172,"column":4},"end":{"line":174,"column":4}}},"12":{"name":"getLastestTimeStamp","line":176,"loc":{"start":{"line":176,"column":4},"end":{"line":178,"column":4}}},"13":{"name":"getRequestConfirmations","line":180,"loc":{"start":{"line":180,"column":4},"end":{"line":182,"column":4}}},"14":{"name":"getInterval","line":184,"loc":{"start":{"line":184,"column":4},"end":{"line":186,"column":4}}}},"statementMap":{"1":{"start":{"line":63,"column":8},"end":{"line":63,"column":34}},"2":{"start":{"line":64,"column":8},"end":{"line":64,"column":69}},"3":{"start":{"line":65,"column":8},"end":{"line":65,"column":26}},"4":{"start":{"line":66,"column":8},"end":{"line":66,"column":40}},"5":{"start":{"line":67,"column":8},"end":{"line":67,"column":44}},"6":{"start":{"line":68,"column":8},"end":{"line":68,"column":39}},"7":{"start":{"line":69,"column":8},"end":{"line":69,"column":40}},"8":{"start":{"line":70,"column":8},"end":{"line":70,"column":28}},"9":{"start":{"line":74,"column":8},"end":{"line":74,"column":2528}},"10":{"start":{"line":77,"column":8},"end":{"line":77,"column":2627}},"11":{"start":{"line":80,"column":8},"end":{"line":80,"column":42}},"12":{"start":{"line":81,"column":8},"end":{"line":81,"column":36}},"13":{"start":{"line":103,"column":8},"end":{"line":103,"column":55}},"14":{"start":{"line":104,"column":8},"end":{"line":104,"column":76}},"15":{"start":{"line":105,"column":8},"end":{"line":105,"column":46}},"16":{"start":{"line":106,"column":8},"end":{"line":106,"column":51}},"17":{"start":{"line":107,"column":8},"end":{"line":107,"column":72}},"18":{"start":{"line":113,"column":8},"end":{"line":113,"column":47}},"19":{"start":{"line":114,"column":8},"end":{"line":114,"column":3910}},"20":{"start":{"line":122,"column":8},"end":{"line":122,"column":46}},"21":{"start":{"line":123,"column":8},"end":{"line":123,"column":4171}},"22":{"start":{"line":130,"column":8},"end":{"line":130,"column":45}},"23":{"start":{"line":137,"column":8},"end":{"line":137,"column":63}},"24":{"start":{"line":138,"column":8},"end":{"line":138,"column":61}},"25":{"start":{"line":139,"column":8},"end":{"line":139,"column":36}},"26":{"start":{"line":140,"column":8},"end":{"line":140,"column":39}},"27":{"start":{"line":141,"column":8},"end":{"line":141,"column":43}},"28":{"start":{"line":142,"column":8},"end":{"line":142,"column":40}},"29":{"start":{"line":143,"column":8},"end":{"line":143,"column":78}},"30":{"start":{"line":144,"column":8},"end":{"line":144,"column":4949}},"31":{"start":{"line":147,"column":8},"end":{"line":147,"column":39}},"32":{"start":{"line":153,"column":8},"end":{"line":153,"column":28}},"33":{"start":{"line":157,"column":8},"end":{"line":157,"column":32}},"34":{"start":{"line":161,"column":8},"end":{"line":161,"column":29}},"35":{"start":{"line":165,"column":8},"end":{"line":165,"column":28}},"36":{"start":{"line":169,"column":8},"end":{"line":169,"column":24}},"37":{"start":{"line":173,"column":8},"end":{"line":173,"column":31}},"38":{"start":{"line":177,"column":8},"end":{"line":177,"column":30}},"39":{"start":{"line":181,"column":8},"end":{"line":181,"column":36}},"40":{"start":{"line":185,"column":8},"end":{"line":185,"column":25}}},"branchMap":{"1":{"line":74,"type":"if","locations":[{"start":{"line":74,"column":8},"end":{"line":74,"column":8}},{"start":{"line":74,"column":8},"end":{"line":74,"column":8}}]},"2":{"line":77,"type":"if","locations":[{"start":{"line":77,"column":8},"end":{"line":77,"column":8}},{"start":{"line":77,"column":8},"end":{"line":77,"column":8}}]},"3":{"line":114,"type":"if","locations":[{"start":{"line":114,"column":8},"end":{"line":114,"column":8}},{"start":{"line":114,"column":8},"end":{"line":114,"column":8}}]},"4":{"line":144,"type":"if","locations":[{"start":{"line":144,"column":8},"end":{"line":144,"column":8}},{"start":{"line":144,"column":8},"end":{"line":144,"column":8}}]}}},"contracts/test/VRFCoordinatorV2Mock.sol":{"l":{},"path":"/Users/aridaitech/Documents/projects/smart-contract-lottery/hardhat-lottery/contracts/test/VRFCoordinatorV2Mock.sol","s":{},"b":{},"f":{},"fnMap":{},"statementMap":{},"branchMap":{}}}